Arguments: 
  /Users/learn/.nvm/versions/node/v8.4.0/bin/node /usr/local/Cellar/yarn/1.3.2/libexec/bin/yarn.js add express sequelize 3.30.4 body-parser ejs express-ejs-layouts

PATH: 
  /Users/learn/.nvm/versions/node/v8.4.0/bin:/Users/learn/.rvm/gems/ruby-2.3.1/bin:/Users/learn/.rvm/gems/ruby-2.3.1@global/bin:/Users/learn/.rvm/rubies/ruby-2.3.1/bin:/usr/local/bin:/usr/bin:/bin:/usr/sbin:/sbin:/Users/learn/.rvm/bin:/Users/learn/.rvm/bin

Yarn version: 
  1.3.2

Node version: 
  8.4.0

Platform: 
  darwin x64

npm manifest: 
  {
    "name": "express-full-stack",
    "version": "1.0.0",
    "main": "index.js",
    "license": "MIT"
  }

yarn manifest: 
  No manifest

Lockfile: 
  No lockfile

Trace: 
  Error: https://registry.yarnpkg.com/3.30.4: not_found
      at Request.params.callback [as _callback] (/usr/local/Cellar/yarn/1.3.2/libexec/lib/cli.js:62098:18)
      at Request.self.callback (/usr/local/Cellar/yarn/1.3.2/libexec/lib/cli.js:123085:22)
      at emitTwo (events.js:125:13)
      at Request.emit (events.js:213:7)
      at Request.<anonymous> (/usr/local/Cellar/yarn/1.3.2/libexec/lib/cli.js:124068:10)
      at emitOne (events.js:115:13)
      at Request.emit (events.js:210:7)
      at IncomingMessage.<anonymous> (/usr/local/Cellar/yarn/1.3.2/libexec/lib/cli.js:123988:12)
      at Object.onceWrapper (events.js:314:30)
      at emitNone (events.js:110:20)
